0 info it worked if it ends with ok
1 verbose cli [ '/usr/local/node/bin/node',
1 verbose cli   '/usr/local/node/bin/npm',
1 verbose cli   'install',
1 verbose cli   'bootstrap' ]
2 info using npm@2.15.1
3 info using node@v4.4.3
4 verbose install initial load of /var/www/counter/package.json
5 verbose readDependencies loading dependencies from /var/www/counter/package.json
6 silly cache add args [ 'bootstrap', null ]
7 verbose cache add spec bootstrap
8 silly cache add parsed spec Result {
8 silly cache add   raw: 'bootstrap',
8 silly cache add   scope: null,
8 silly cache add   name: 'bootstrap',
8 silly cache add   rawSpec: '',
8 silly cache add   spec: 'latest',
8 silly cache add   type: 'tag' }
9 silly addNamed bootstrap@latest
10 verbose addNamed "latest" is being treated as a dist-tag for bootstrap
11 info addNameTag [ 'bootstrap', 'latest' ]
12 silly mapToRegistry name bootstrap
13 silly mapToRegistry using default registry
14 silly mapToRegistry registry https://registry.npmjs.org/
15 silly mapToRegistry data Result {
15 silly mapToRegistry   raw: 'bootstrap',
15 silly mapToRegistry   scope: null,
15 silly mapToRegistry   name: 'bootstrap',
15 silly mapToRegistry   rawSpec: '',
15 silly mapToRegistry   spec: 'latest',
15 silly mapToRegistry   type: 'tag' }
16 silly mapToRegistry uri https://registry.npmjs.org/bootstrap
17 verbose addNameTag registry:https://registry.npmjs.org/bootstrap not in flight; fetching
18 verbose request uri https://registry.npmjs.org/bootstrap
19 verbose request no auth needed
20 info attempt registry request try #1 at 9:13:44 PM
21 verbose request id cd5b4b60aac58f56
22 http request GET https://registry.npmjs.org/bootstrap
23 info retry will retry, error on last attempt: Error: tunneling socket could not be established, cause=connect ETIMEDOUT 192.168.100.201:1080
24 info attempt registry request try #2 at 9:16:01 PM
25 http request GET https://registry.npmjs.org/bootstrap
26 info retry will retry, error on last attempt: Error: tunneling socket could not be established, cause=connect ETIMEDOUT 192.168.100.201:1080
27 info attempt registry request try #3 at 9:19:08 PM
28 http request GET https://registry.npmjs.org/bootstrap
29 verbose stack Error: tunneling socket could not be established, cause=connect ETIMEDOUT 192.168.100.201:1080
29 verbose stack     at ClientRequest.onError (/usr/local/node/lib/node_modules/npm/node_modules/request/node_modules/tunnel-agent/index.js:176:17)
29 verbose stack     at ClientRequest.g (events.js:260:16)
29 verbose stack     at emitOne (events.js:77:13)
29 verbose stack     at ClientRequest.emit (events.js:169:7)
29 verbose stack     at TLSSocket.socketErrorListener (_http_client.js:256:9)
29 verbose stack     at emitOne (events.js:77:13)
29 verbose stack     at TLSSocket.emit (events.js:169:7)
29 verbose stack     at emitErrorNT (net.js:1253:8)
29 verbose stack     at nextTickCallbackWith2Args (node.js:442:9)
29 verbose stack     at process._tickCallback (node.js:356:17)
30 verbose cwd /var/www/counter
31 error Linux 3.19.0-59-generic
32 error argv "/usr/local/node/bin/node" "/usr/local/node/bin/npm" "install" "bootstrap"
33 error node v4.4.3
34 error npm  v2.15.1
35 error code ECONNRESET
36 error network tunneling socket could not be established, cause=connect ETIMEDOUT 192.168.100.201:1080
36 error network This is most likely not a problem with npm itself
36 error network and is related to network connectivity.
36 error network In most cases you are behind a proxy or have bad network settings.
36 error network
36 error network If you are behind a proxy, please make sure that the
36 error network 'proxy' config is set properly.  See: 'npm help config'
37 verbose exit [ 1, true ]
